app/build/intermediates/manifest_merge_blame_file/debug/manifest-merger-blame-debug-report.txt
1<?xml version="1.0" encoding="utf-8"?>
2<manifest xmlns:android="http://schemas.android.com/apk/res/android"
3    package="com.example.puffer.parkingdemo"
4    android:versionCode="1"
5    android:versionName="1.0" >
6
7    <uses-sdk
8        android:minSdkVersion="19"
8-->src\main\AndroidManifest.xml
9        android:targetSdkVersion="28" />
9-->src\main\AndroidManifest.xml
10
11    <uses-permission android:name="android.permission.INTERNET" />
11-->src\main\AndroidManifest.xml:5:5-67
11-->src\main\AndroidManifest.xml:5:22-64
12    <uses-permission android:name="android.permission.ACCESS_FINE_LOCATION" />
12-->src\main\AndroidManifest.xml:6:5-79
12-->src\main\AndroidManifest.xml:6:22-76
13    <uses-permission android:name="android.permission.ACCESS_COARSE_LOCATION" />
13-->src\main\AndroidManifest.xml:7:5-81
13-->src\main\AndroidManifest.xml:7:22-78
14    <uses-permission android:name="android.permission.ACCESS_NETWORK_STATE" />
14-->src\main\AndroidManifest.xml:8:5-79
14-->src\main\AndroidManifest.xml:8:22-76
15
16    <!-- Required by older versions of Google Play services to create GCM registration tokens -->
17    <uses-permission android:name="com.google.android.c2dm.permission.RECEIVE" />
17-->[com.google.android.gms:play-services-gcm:17.0.0] AndroidManifest.xml:23:5-82
17-->[com.google.android.gms:play-services-gcm:17.0.0] AndroidManifest.xml:23:22-79
18
19    <uses-feature
19-->[com.google.android.gms:play-services-maps:17.0.0] AndroidManifest.xml:26:5-28:35
20        android:glEsVersion="0x00020000"
20-->[com.google.android.gms:play-services-maps:17.0.0] AndroidManifest.xml:27:9-41
21        android:required="true" />
21-->[com.google.android.gms:play-services-maps:17.0.0] AndroidManifest.xml:28:9-32
22
23    <application
23-->src\main\AndroidManifest.xml:10:5-32:19
24        android:allowBackup="true"
24-->src\main\AndroidManifest.xml:11:9-35
25        android:appComponentFactory="androidx.core.app.CoreComponentFactory"
25-->[androidx.core:core:1.0.0] AndroidManifest.xml:22:18-86
26        android:debuggable="true"
27        android:icon="@mipmap/ic_launcher"
27-->src\main\AndroidManifest.xml:12:9-43
28        android:label="@string/app_name"
28-->src\main\AndroidManifest.xml:13:9-41
29        android:roundIcon="@mipmap/ic_launcher_round"
29-->src\main\AndroidManifest.xml:14:9-54
30        android:supportsRtl="true"
30-->src\main\AndroidManifest.xml:15:9-35
31        android:theme="@style/AppTheme" >
31-->src\main\AndroidManifest.xml:16:9-40
32        <meta-data
32-->src\main\AndroidManifest.xml:17:9-19:71
33            android:name="com.google.android.geo.API_KEY"
33-->src\main\AndroidManifest.xml:18:13-58
34            android:value="AIzaSyAcS5lLNMPIOzVSy46cDWQQTARlEaPPM9A" />
34-->src\main\AndroidManifest.xml:19:13-68
35
36        <activity android:name="com.example.puffer.parkingdemo.MainActivity" >
36-->src\main\AndroidManifest.xml:21:9-27:20
36-->src\main\AndroidManifest.xml:21:19-47
37            <intent-filter>
37-->src\main\AndroidManifest.xml:22:13-26:29
38                <action android:name="android.intent.action.MAIN" />
38-->src\main\AndroidManifest.xml:23:17-69
38-->src\main\AndroidManifest.xml:23:25-66
39
40                <category android:name="android.intent.category.LAUNCHER" />
40-->src\main\AndroidManifest.xml:25:17-77
40-->src\main\AndroidManifest.xml:25:27-74
41            </intent-filter>
42        </activity>
43        <activity android:name="com.example.puffer.parkingdemo.ParkingMapActivity" />
43-->src\main\AndroidManifest.xml:28:9-56
43-->src\main\AndroidManifest.xml:28:19-53
44        <activity android:name="com.example.puffer.parkingdemo.ParkingListActivity" />
44-->src\main\AndroidManifest.xml:29:9-57
44-->src\main\AndroidManifest.xml:29:19-54
45        <activity android:name="com.example.puffer.parkingdemo.ParkingInfoActivity" />
45-->src\main\AndroidManifest.xml:30:9-57
45-->src\main\AndroidManifest.xml:30:19-54
46        <activity android:name="com.example.puffer.parkingdemo.ParkingFuzzySearchActivity" />
46-->src\main\AndroidManifest.xml:31:9-73
46-->src\main\AndroidManifest.xml:31:19-61
47
48        <meta-data
48-->[:library] AndroidManifest.xml:8:9-10:69
49            android:name="com.google.android.gms.version"
49-->[:library] AndroidManifest.xml:9:13-58
50            android:value="@integer/google_play_services_version" /> <!-- Needs to be explicitly declared on P+ -->
50-->[:library] AndroidManifest.xml:10:13-66
51        <uses-library
51-->[com.google.android.gms:play-services-maps:17.0.0] AndroidManifest.xml:33:9-35:40
52            android:name="org.apache.http.legacy"
52-->[com.google.android.gms:play-services-maps:17.0.0] AndroidManifest.xml:34:13-50
53            android:required="false" />
53-->[com.google.android.gms:play-services-maps:17.0.0] AndroidManifest.xml:35:13-37
54
55        <activity
55-->[com.google.android.gms:play-services-base:17.0.0] AndroidManifest.xml:23:9-26:75
56            android:name="com.google.android.gms.common.api.GoogleApiActivity"
56-->[com.google.android.gms:play-services-base:17.0.0] AndroidManifest.xml:24:13-79
57            android:exported="false"
57-->[com.google.android.gms:play-services-base:17.0.0] AndroidManifest.xml:25:13-37
58            android:theme="@android:style/Theme.Translucent.NoTitleBar" />
58-->[com.google.android.gms:play-services-base:17.0.0] AndroidManifest.xml:26:13-72
59    </application>
60
61</manifest>